<?xml version="1.0" encoding="UTF-8"?>
<testng-results skipped="0" failed="0" ignored="0" total="1" passed="1">
  <reporter-output>
  </reporter-output>
  <suite name="Default suite" duration-ms="18998" started-at="2020-06-01T15:37:10Z" finished-at="2020-06-01T15:37:29Z">
    <groups>
    </groups>
    <test name="Default test" duration-ms="18998" started-at="2020-06-01T15:37:10Z" finished-at="2020-06-01T15:37:29Z">
      <class name="test.com.calendar">
        <test-method status="PASS" signature="test1()[pri:0, instance:test.com.calendar@4678c730]" name="test1" duration-ms="18963" started-at="2020-06-01T21:07:10Z" finished-at="2020-06-01T21:07:29Z">
          <reporter-output>
          </reporter-output>
        </test-method> <!-- test1 -->
      </class> <!-- test.com.calendar -->
    </test> <!-- Default test -->
  </suite> <!-- Default suite -->
</testng-results>
