<?xml version="1.0" encoding="UTF-8"?>
<!-- Generated by org.testng.reporters.JUnitXMLReporter -->
<testsuite hostname="DESKTOP-HTM5D11" ignored="0" name="Chrome" tests="5" failures="0" timestamp="04 Jun 2020 14:34:51 GMT" time="7.0" errors="0">
  <testcase name="launchChrome" time="6.949" classname="test.com.test1"/>
  <testcase name="login" time="0.004" classname="test.com.test4"/>
  <testcase name="searchUser" time="0.001" classname="test.com.test4"/>
  <testcase name="test1" time="0.001" classname="test.com.test4"/>
  <testcase name="registerUser" time="0.0" classname="test.com.test4"/>
</testsuite> <!-- Chrome -->
