<?xml version="1.0" encoding="UTF-8"?>
<!-- Generated by org.testng.reporters.JUnitXMLReporter -->
<testsuite hostname="DESKTOP-HTM5D11" ignored="0" name="Chrome" tests="5" failures="0" timestamp="04 Jun 2020 12:55:46 GMT" time="7.191" errors="0">
  <testcase name="launchChrome" time="7.101" classname="test.com.test1"/>
  <testcase name="login" time="0.01" classname="test.com.test4"/>
  <testcase name="searchUser" time="0.007" classname="test.com.test4"/>
  <testcase name="test1" time="0.002" classname="test.com.test4"/>
  <testcase name="registerUser" time="0.004" classname="test.com.test4"/>
</testsuite> <!-- Chrome -->
