<?xml version="1.0" encoding="UTF-8"?>
<!-- Generated by org.testng.reporters.JUnitXMLReporter -->
<testsuite hostname="DESKTOP-A8U0B28" ignored="0" name="Fireofx" tests="5" failures="0" timestamp="20 May 2020 13:59:01 GMT" time="44.156" errors="0">
  <testcase name="launchChrome" time="44.046" classname="test.com.test1"/>
  <testcase name="login" time="0.007" classname="test.com.test4"/>
  <testcase name="searchUser" time="0.012" classname="test.com.test4"/>
  <testcase name="test1" time="0.004" classname="test.com.test4"/>
  <testcase name="registerUser" time="0.002" classname="test.com.test4"/>
</testsuite> <!-- Fireofx -->
