<?xml version="1.0" encoding="UTF-8"?>
<!-- Generated by org.testng.reporters.JUnitXMLReporter -->
<testsuite hostname="DESKTOP-HTM5D11" ignored="0" name="testFunctional" tests="2" failures="1" timestamp="01 Jun 2020 14:43:12 GMT" time="19.188" errors="0">
  <testcase name="test1" time="1.667" classname="test.com.listeners_test">
    <failure type="java.lang.AssertionError" message="expected [Welcome] but found [Google]">
      <![CDATA[java.lang.AssertionError: expected [Welcome] but found [Google]
	at test.com.listeners_test.test1(listeners_test.java:16)
... Removed 31 stack frames]]>
    </failure>
  </testcase> <!-- test1 -->
  <testcase name="test1" time="6.109" classname="test.com.listeners_test3"/>
</testsuite> <!-- testFunctional -->
